
*** Running vivado
    with args -log OTTER_Wrapper.vds -m64 -product Vivado -mode batch -messageDb vivado.pb -notrace -source OTTER_Wrapper.tcl



****** Vivado v2021.2 (64-bit)
  **** SW Build 3367213 on Tue Oct 19 02:48:09 MDT 2021
  **** IP Build 3369179 on Thu Oct 21 08:25:16 MDT 2021
    ** Copyright 1986-2021 Xilinx, Inc. All Rights Reserved.

source OTTER_Wrapper.tcl -notrace
Command: read_checkpoint -auto_incremental -incremental C:/Users/justf/Documents/OTTER_INT/OTTER_INT.srcs/utils_1/imports/synth_1/OTTER_MCU.dcp
INFO: [Vivado 12-5825] Read reference checkpoint from C:/Users/justf/Documents/OTTER_INT/OTTER_INT.srcs/utils_1/imports/synth_1/OTTER_MCU.dcp for incremental synthesis
INFO: [Vivado 12-7989] Please ensure there are no constraint changes
Command: synth_design -top OTTER_Wrapper -part xc7a35tcpg236-1
Starting synth_design
Attempting to get a license for feature 'Synthesis' and/or device 'xc7a35t'
INFO: [Common 17-349] Got license for feature 'Synthesis' and/or device 'xc7a35t'
INFO: [Device 21-403] Loading part xc7a35tcpg236-1
WARNING: [Designutils 20-4072] Reference run did not run incremental synthesis because the design is too small; reverting to default synthesis
INFO: [Designutils 20-4379] Flow is switching to default flow due to incremental criteria not met. If you would like to alter this behaviour and have the flow terminate instead, please set the following parameter config_implementation {autoIncr.Synth.RejectBehavior Terminate}
INFO: [Synth 8-7079] Multithreading enabled for synth_design using a maximum of 2 processes.
INFO: [Synth 8-7078] Launching helper process for spawning children vivado processes
INFO: [Synth 8-7075] Helper process launched with PID 6624
---------------------------------------------------------------------------------
Starting RTL Elaboration : Time (s): cpu = 00:00:06 ; elapsed = 00:00:06 . Memory (MB): peak = 1260.324 ; gain = 0.000
---------------------------------------------------------------------------------
INFO: [Synth 8-6157] synthesizing module 'OTTER_Wrapper' [C:/Users/justf/Documents/OTTER_INT/OTTER_INT.srcs/sources_1/imports/Wrapper Files-20210204/OTTER_Wrapper.sv:10]
INFO: [Synth 8-6157] synthesizing module 'OTTER_MCU' [C:/Users/justf/Documents/OTTER_INT/OTTER_INT.srcs/sources_1/new/OTTER_MCU.sv:23]
INFO: [Synth 8-6157] synthesizing module 'ProgramCounter' [C:/Users/justf/Documents/OTTER_INT/OTTER_INT.srcs/sources_1/new/ProgramCounter.sv:23]
INFO: [Synth 8-6155] done synthesizing module 'ProgramCounter' (1#1) [C:/Users/justf/Documents/OTTER_INT/OTTER_INT.srcs/sources_1/new/ProgramCounter.sv:23]
INFO: [Synth 8-6157] synthesizing module 'OTTER_mem_byte' [C:/Users/justf/Documents/OTTER_INT/OTTER_INT.srcs/sources_1/imports/Downloads/otter_memory.sv:25]
INFO: [Synth 8-3876] $readmem data file 'test_spi_basic.mem' is read successfully [C:/Users/justf/Documents/OTTER_INT/OTTER_INT.srcs/sources_1/imports/Downloads/otter_memory.sv:61]
INFO: [Synth 8-155] case statement is not full and has no default [C:/Users/justf/Documents/OTTER_INT/OTTER_INT.srcs/sources_1/imports/Downloads/otter_memory.sv:130]
INFO: [Synth 8-155] case statement is not full and has no default [C:/Users/justf/Documents/OTTER_INT/OTTER_INT.srcs/sources_1/imports/Downloads/otter_memory.sv:116]
WARNING: [Synth 8-6014] Unused sequential element j_reg was removed.  [C:/Users/justf/Documents/OTTER_INT/OTTER_INT.srcs/sources_1/imports/Downloads/otter_memory.sv:79]
INFO: [Synth 8-6155] done synthesizing module 'OTTER_mem_byte' (2#1) [C:/Users/justf/Documents/OTTER_INT/OTTER_INT.srcs/sources_1/imports/Downloads/otter_memory.sv:25]
INFO: [Synth 8-6157] synthesizing module 'Mux4_1' [C:/Users/justf/Documents/OTTER_INT/OTTER_INT.srcs/sources_1/imports/justf/Documents/BubbleSortFullProj/BubbleSort.srcs/sources_1/new/Mux4_1.sv:23]
	Parameter WIDTH bound to: 32 - type: integer 
INFO: [Synth 8-226] default block is never used [C:/Users/justf/Documents/OTTER_INT/OTTER_INT.srcs/sources_1/imports/justf/Documents/BubbleSortFullProj/BubbleSort.srcs/sources_1/new/Mux4_1.sv:33]
INFO: [Synth 8-6155] done synthesizing module 'Mux4_1' (3#1) [C:/Users/justf/Documents/OTTER_INT/OTTER_INT.srcs/sources_1/imports/justf/Documents/BubbleSortFullProj/BubbleSort.srcs/sources_1/new/Mux4_1.sv:23]
INFO: [Synth 8-6157] synthesizing module 'RegFile' [C:/Users/justf/Documents/OTTER_INT/OTTER_INT.srcs/sources_1/new/RegFile.sv:23]
INFO: [Synth 8-6155] done synthesizing module 'RegFile' (4#1) [C:/Users/justf/Documents/OTTER_INT/OTTER_INT.srcs/sources_1/new/RegFile.sv:23]
INFO: [Synth 8-6157] synthesizing module 'ImmedTargetGen' [C:/Users/justf/Documents/OTTER_INT/OTTER_INT.srcs/sources_1/new/ImmedGen.sv:23]
INFO: [Synth 8-6155] done synthesizing module 'ImmedTargetGen' (5#1) [C:/Users/justf/Documents/OTTER_INT/OTTER_INT.srcs/sources_1/new/ImmedGen.sv:23]
INFO: [Synth 8-6157] synthesizing module 'Mux2_1' [C:/Users/justf/Documents/OTTER_INT/OTTER_INT.srcs/sources_1/imports/justf/Downloads/Mux2_1.sv:3]
	Parameter WIDTH bound to: 32 - type: integer 
INFO: [Synth 8-6155] done synthesizing module 'Mux2_1' (6#1) [C:/Users/justf/Documents/OTTER_INT/OTTER_INT.srcs/sources_1/imports/justf/Downloads/Mux2_1.sv:3]
INFO: [Synth 8-6157] synthesizing module 'ALU' [C:/Users/justf/Documents/OTTER_INT/OTTER_INT.srcs/sources_1/new/ALU.sv:23]
INFO: [Synth 8-6155] done synthesizing module 'ALU' (7#1) [C:/Users/justf/Documents/OTTER_INT/OTTER_INT.srcs/sources_1/new/ALU.sv:23]
INFO: [Synth 8-6157] synthesizing module 'CSR' [C:/Users/justf/Documents/OTTER_INT/OTTER_INT.srcs/sources_1/imports/Downloads/CSR_v1_02.sv:40]
INFO: [Synth 8-155] case statement is not full and has no default [C:/Users/justf/Documents/OTTER_INT/OTTER_INT.srcs/sources_1/imports/Downloads/CSR_v1_02.sv:72]
INFO: [Synth 8-6155] done synthesizing module 'CSR' (8#1) [C:/Users/justf/Documents/OTTER_INT/OTTER_INT.srcs/sources_1/imports/Downloads/CSR_v1_02.sv:40]
INFO: [Synth 8-6157] synthesizing module 'BranchCondGen' [C:/Users/justf/Documents/OTTER_INT/OTTER_INT.srcs/sources_1/new/BranchCondGen.sv:23]
INFO: [Synth 8-6155] done synthesizing module 'BranchCondGen' (9#1) [C:/Users/justf/Documents/OTTER_INT/OTTER_INT.srcs/sources_1/new/BranchCondGen.sv:23]
INFO: [Synth 8-6157] synthesizing module 'CU_Decoder' [C:/Users/justf/Documents/OTTER_INT/OTTER_INT.srcs/sources_1/new/CU_Decoder.sv:23]
INFO: [Synth 8-155] case statement is not full and has no default [C:/Users/justf/Documents/OTTER_INT/OTTER_INT.srcs/sources_1/new/CU_Decoder.sv:63]
INFO: [Synth 8-6155] done synthesizing module 'CU_Decoder' (10#1) [C:/Users/justf/Documents/OTTER_INT/OTTER_INT.srcs/sources_1/new/CU_Decoder.sv:23]
INFO: [Synth 8-6157] synthesizing module 'ControlFSM' [C:/Users/justf/Documents/OTTER_INT/OTTER_INT.srcs/sources_1/new/ControlFSM.sv:23]
INFO: [Synth 8-155] case statement is not full and has no default [C:/Users/justf/Documents/OTTER_INT/OTTER_INT.srcs/sources_1/new/ControlFSM.sv:58]
INFO: [Synth 8-6155] done synthesizing module 'ControlFSM' (11#1) [C:/Users/justf/Documents/OTTER_INT/OTTER_INT.srcs/sources_1/new/ControlFSM.sv:23]
INFO: [Synth 8-6155] done synthesizing module 'OTTER_MCU' (12#1) [C:/Users/justf/Documents/OTTER_INT/OTTER_INT.srcs/sources_1/new/OTTER_MCU.sv:23]
INFO: [Synth 8-6157] synthesizing module 'SevSegDisp' [C:/Users/justf/Documents/OTTER_INT/OTTER_INT.srcs/sources_1/imports/Wrapper Files-20210204/SevSegDisp.sv:23]
INFO: [Synth 8-6157] synthesizing module 'BCD' [C:/Users/justf/Documents/OTTER_INT/OTTER_INT.srcs/sources_1/imports/Wrapper Files-20210204/BCD.sv:18]
INFO: [Synth 8-6155] done synthesizing module 'BCD' (13#1) [C:/Users/justf/Documents/OTTER_INT/OTTER_INT.srcs/sources_1/imports/Wrapper Files-20210204/BCD.sv:18]
INFO: [Synth 8-6157] synthesizing module 'CathodeDriver' [C:/Users/justf/Documents/OTTER_INT/OTTER_INT.srcs/sources_1/imports/Wrapper Files-20210204/CathodeDriver.sv:22]
INFO: [Synth 8-226] default block is never used [C:/Users/justf/Documents/OTTER_INT/OTTER_INT.srcs/sources_1/imports/Wrapper Files-20210204/CathodeDriver.sv:46]
INFO: [Synth 8-226] default block is never used [C:/Users/justf/Documents/OTTER_INT/OTTER_INT.srcs/sources_1/imports/Wrapper Files-20210204/CathodeDriver.sv:49]
INFO: [Synth 8-226] default block is never used [C:/Users/justf/Documents/OTTER_INT/OTTER_INT.srcs/sources_1/imports/Wrapper Files-20210204/CathodeDriver.sv:71]
INFO: [Synth 8-226] default block is never used [C:/Users/justf/Documents/OTTER_INT/OTTER_INT.srcs/sources_1/imports/Wrapper Files-20210204/CathodeDriver.sv:93]
INFO: [Synth 8-226] default block is never used [C:/Users/justf/Documents/OTTER_INT/OTTER_INT.srcs/sources_1/imports/Wrapper Files-20210204/CathodeDriver.sv:115]
INFO: [Synth 8-6155] done synthesizing module 'CathodeDriver' (14#1) [C:/Users/justf/Documents/OTTER_INT/OTTER_INT.srcs/sources_1/imports/Wrapper Files-20210204/CathodeDriver.sv:22]
INFO: [Synth 8-6155] done synthesizing module 'SevSegDisp' (15#1) [C:/Users/justf/Documents/OTTER_INT/OTTER_INT.srcs/sources_1/imports/Wrapper Files-20210204/SevSegDisp.sv:23]
INFO: [Synth 8-6157] synthesizing module 'debounce_one_shot' [C:/Users/justf/Documents/OTTER_INT/OTTER_INT.srcs/sources_1/imports/Wrapper Files-20210204/debounce_one_shot.sv:24]
INFO: [Synth 8-6155] done synthesizing module 'debounce_one_shot' (16#1) [C:/Users/justf/Documents/OTTER_INT/OTTER_INT.srcs/sources_1/imports/Wrapper Files-20210204/debounce_one_shot.sv:24]
INFO: [Synth 8-6157] synthesizing module 'clk_div' [C:/Users/justf/Documents/OTTER_INT/OTTER_INT.srcs/sources_1/imports/Wrapper Files-20210204/CLK_DIV_FS.v:5]
INFO: [Synth 8-6155] done synthesizing module 'clk_div' (17#1) [C:/Users/justf/Documents/OTTER_INT/OTTER_INT.srcs/sources_1/imports/Wrapper Files-20210204/CLK_DIV_FS.v:5]
INFO: [Synth 8-6157] synthesizing module 'FreqGen' [C:/Users/justf/Documents/OTTER_INT/OTTER_INT.srcs/sources_1/imports/new/FreqGen.sv:6]
	Parameter FREQ bound to: 10 - type: integer 
INFO: [Synth 8-6155] done synthesizing module 'FreqGen' (18#1) [C:/Users/justf/Documents/OTTER_INT/OTTER_INT.srcs/sources_1/imports/new/FreqGen.sv:6]
INFO: [Synth 8-6157] synthesizing module 'spi_master' [C:/Users/justf/Documents/OTTER_INT/OTTER_INT.srcs/sources_1/imports/Downloads/spi_master.v:50]
INFO: [Synth 8-226] default block is never used [C:/Users/justf/Documents/OTTER_INT/OTTER_INT.srcs/sources_1/imports/Downloads/spi_master.v:81]
INFO: [Synth 8-6155] done synthesizing module 'spi_master' (19#1) [C:/Users/justf/Documents/OTTER_INT/OTTER_INT.srcs/sources_1/imports/Downloads/spi_master.v:50]
INFO: [Synth 8-155] case statement is not full and has no default [C:/Users/justf/Documents/OTTER_INT/OTTER_INT.srcs/sources_1/imports/Wrapper Files-20210204/OTTER_Wrapper.sv:86]
INFO: [Synth 8-6155] done synthesizing module 'OTTER_Wrapper' (20#1) [C:/Users/justf/Documents/OTTER_INT/OTTER_INT.srcs/sources_1/imports/Wrapper Files-20210204/OTTER_Wrapper.sv:10]
---------------------------------------------------------------------------------
Finished RTL Elaboration : Time (s): cpu = 00:00:07 ; elapsed = 00:00:07 . Memory (MB): peak = 1260.324 ; gain = 0.000
---------------------------------------------------------------------------------
---------------------------------------------------------------------------------
Start Handling Custom Attributes
---------------------------------------------------------------------------------
---------------------------------------------------------------------------------
Finished Handling Custom Attributes : Time (s): cpu = 00:00:08 ; elapsed = 00:00:08 . Memory (MB): peak = 1260.324 ; gain = 0.000
---------------------------------------------------------------------------------
---------------------------------------------------------------------------------
Finished RTL Optimization Phase 1 : Time (s): cpu = 00:00:08 ; elapsed = 00:00:08 . Memory (MB): peak = 1260.324 ; gain = 0.000
---------------------------------------------------------------------------------
Netlist sorting complete. Time (s): cpu = 00:00:00 ; elapsed = 00:00:00.053 . Memory (MB): peak = 1260.324 ; gain = 0.000
INFO: [Project 1-570] Preparing netlist for logic optimization

Processing XDC Constraints
Initializing timing engine
Parsing XDC File [C:/Users/justf/Documents/OTTER_INT/OTTER_INT.srcs/constrs_1/imports/Wrapper Files-20210204/Basys3_constraints.xdc]
Finished Parsing XDC File [C:/Users/justf/Documents/OTTER_INT/OTTER_INT.srcs/constrs_1/imports/Wrapper Files-20210204/Basys3_constraints.xdc]
INFO: [Project 1-236] Implementation specific constraints were found while reading constraint file [C:/Users/justf/Documents/OTTER_INT/OTTER_INT.srcs/constrs_1/imports/Wrapper Files-20210204/Basys3_constraints.xdc]. These constraints will be ignored for synthesis but will be used in implementation. Impacted constraints are listed in the file [.Xil/OTTER_Wrapper_propImpl.xdc].
Resolution: To avoid this warning, move constraints listed in [.Xil/OTTER_Wrapper_propImpl.xdc] to another XDC file and exclude this new file from synthesis with the used_in_synthesis property (File Properties dialog in GUI) and re-run elaboration/synthesis.
Completed Processing XDC Constraints

Netlist sorting complete. Time (s): cpu = 00:00:00 ; elapsed = 00:00:00.001 . Memory (MB): peak = 1263.977 ; gain = 0.000
INFO: [Project 1-111] Unisim Transformation Summary:
No Unisim elements were transformed.

Constraint Validation Runtime : Time (s): cpu = 00:00:00 ; elapsed = 00:00:00.006 . Memory (MB): peak = 1263.977 ; gain = 0.000
WARNING: [Designutils 20-4072] Reference run did not run incremental synthesis because the design is too small; reverting to default synthesis
INFO: [Designutils 20-4379] Flow is switching to default flow due to incremental criteria not met. If you would like to alter this behaviour and have the flow terminate instead, please set the following parameter config_implementation {autoIncr.Synth.RejectBehavior Terminate}
---------------------------------------------------------------------------------
Finished Constraint Validation : Time (s): cpu = 00:00:15 ; elapsed = 00:00:15 . Memory (MB): peak = 1263.977 ; gain = 3.652
---------------------------------------------------------------------------------
---------------------------------------------------------------------------------
Start Loading Part and Timing Information
---------------------------------------------------------------------------------
Loading part: xc7a35tcpg236-1
---------------------------------------------------------------------------------
Finished Loading Part and Timing Information : Time (s): cpu = 00:00:15 ; elapsed = 00:00:15 . Memory (MB): peak = 1263.977 ; gain = 3.652
---------------------------------------------------------------------------------
---------------------------------------------------------------------------------
Start Applying 'set_property' XDC Constraints
---------------------------------------------------------------------------------
---------------------------------------------------------------------------------
Finished applying 'set_property' XDC Constraints : Time (s): cpu = 00:00:15 ; elapsed = 00:00:15 . Memory (MB): peak = 1263.977 ; gain = 3.652
---------------------------------------------------------------------------------
INFO: [Synth 8-802] inferred FSM for state register 'PS_reg' in module 'ControlFSM'
INFO: [Synth 8-802] inferred FSM for state register 'PS_reg' in module 'debounce_one_shot'
INFO: [Synth 8-802] inferred FSM for state register 'cur_reg' in module 'spi_master'
INFO: [Synth 8-7030] Implemented Non-Cascaded Block Ram (cascade_height = 1) of width 32 for RAM "OTTER_mem_byte:/memory_reg"
INFO: [Synth 8-7030] Implemented Non-Cascaded Block Ram (cascade_height = 1) of width 32 for RAM "OTTER_mem_byte:/memory_reg"
INFO: [Synth 8-7030] Implemented Non-Cascaded Block Ram (cascade_height = 1) of width 32 for RAM "OTTER_mem_byte:/memory_reg"
INFO: [Synth 8-7030] Implemented Non-Cascaded Block Ram (cascade_height = 1) of width 32 for RAM "OTTER_mem_byte:/memory_reg"
INFO: [Synth 8-7030] Implemented Non-Cascaded Block Ram (cascade_height = 1) of width 32 for RAM "OTTER_mem_byte:/memory_reg"
INFO: [Synth 8-7030] Implemented Non-Cascaded Block Ram (cascade_height = 1) of width 32 for RAM "OTTER_mem_byte:/memory_reg"
INFO: [Synth 8-7030] Implemented Non-Cascaded Block Ram (cascade_height = 1) of width 32 for RAM "OTTER_mem_byte:/memory_reg"
INFO: [Synth 8-7030] Implemented Non-Cascaded Block Ram (cascade_height = 1) of width 32 for RAM "OTTER_mem_byte:/memory_reg"
INFO: [Synth 8-7030] Implemented Non-Cascaded Block Ram (cascade_height = 1) of width 32 for RAM "OTTER_mem_byte:/memory_reg"
INFO: [Synth 8-7030] Implemented Non-Cascaded Block Ram (cascade_height = 1) of width 32 for RAM "OTTER_mem_byte:/memory_reg"
INFO: [Synth 8-7030] Implemented Non-Cascaded Block Ram (cascade_height = 1) of width 32 for RAM "OTTER_mem_byte:/memory_reg"
INFO: [Synth 8-7030] Implemented Non-Cascaded Block Ram (cascade_height = 1) of width 32 for RAM "OTTER_mem_byte:/memory_reg"
INFO: [Synth 8-7030] Implemented Non-Cascaded Block Ram (cascade_height = 1) of width 32 for RAM "OTTER_mem_byte:/memory_reg"
INFO: [Synth 8-7030] Implemented Non-Cascaded Block Ram (cascade_height = 1) of width 32 for RAM "OTTER_mem_byte:/memory_reg"
INFO: [Synth 8-7030] Implemented Non-Cascaded Block Ram (cascade_height = 1) of width 32 for RAM "OTTER_mem_byte:/memory_reg"
INFO: [Synth 8-7030] Implemented Non-Cascaded Block Ram (cascade_height = 1) of width 32 for RAM "OTTER_mem_byte:/memory_reg"
---------------------------------------------------------------------------------------------------
                   State |                     New Encoding |                Previous Encoding 
---------------------------------------------------------------------------------------------------
                   Fetch |                               00 | 00000000000000000000000000000000
                  Decode |                               01 | 00000000000000000000000000000001
               WriteBack |                               10 | 00000000000000000000000000000010
               Interrupt |                               11 | 00000000000000000000000000000011
---------------------------------------------------------------------------------------------------
INFO: [Synth 8-3354] encoded FSM with state register 'PS_reg' using encoding 'sequential' in module 'ControlFSM'
---------------------------------------------------------------------------------------------------
                   State |                     New Encoding |                Previous Encoding 
---------------------------------------------------------------------------------------------------
                 ST_init |                              000 | 00000000000000000000000000000000
              ST_BTN_low |                              001 | 00000000000000000000000000000001
      ST_BTN_low_to_high |                              010 | 00000000000000000000000000000010
             ST_BTN_high |                              011 | 00000000000000000000000000000011
      ST_BTN_high_to_low |                              100 | 00000000000000000000000000000100
             ST_one_shot |                              101 | 00000000000000000000000000000101
---------------------------------------------------------------------------------------------------
INFO: [Synth 8-3354] encoded FSM with state register 'PS_reg' using encoding 'sequential' in module 'debounce_one_shot'
---------------------------------------------------------------------------------------------------
                   State |                     New Encoding |                Previous Encoding 
---------------------------------------------------------------------------------------------------
                  finish |                              001 |                               11
                    idle |                              010 |                               00
                    send |                              100 |                               10
---------------------------------------------------------------------------------------------------
INFO: [Synth 8-3354] encoded FSM with state register 'cur_reg' using encoding 'one-hot' in module 'spi_master'
---------------------------------------------------------------------------------
Finished RTL Optimization Phase 2 : Time (s): cpu = 00:00:17 ; elapsed = 00:00:17 . Memory (MB): peak = 1263.977 ; gain = 3.652
---------------------------------------------------------------------------------
---------------------------------------------------------------------------------
Start RTL Component Statistics 
---------------------------------------------------------------------------------
Detailed RTL Component Info : 
+---Adders : 
	   2 Input   32 Bit       Adders := 7     
	   3 Input   32 Bit       Adders := 1     
	   2 Input   20 Bit       Adders := 1     
	   2 Input    8 Bit       Adders := 1     
	   2 Input    5 Bit       Adders := 3     
	   2 Input    4 Bit       Adders := 36    
	   2 Input    3 Bit       Adders := 7     
	   2 Input    2 Bit       Adders := 1     
+---XORs : 
	   2 Input     32 Bit         XORs := 1     
+---Registers : 
	               32 Bit    Registers := 8     
	               16 Bit    Registers := 2     
	                8 Bit    Registers := 5     
	                5 Bit    Registers := 1     
	                4 Bit    Registers := 2     
	                2 Bit    Registers := 1     
	                1 Bit    Registers := 7     
+---RAMs : 
	             512K Bit	(16384 X 32 bit)          RAMs := 1     
+---Muxes : 
	   4 Input   32 Bit        Muxes := 11    
	   2 Input   32 Bit        Muxes := 17    
	   9 Input   32 Bit        Muxes := 2     
	   7 Input   32 Bit        Muxes := 2     
	   6 Input   32 Bit        Muxes := 2     
	   2 Input   16 Bit        Muxes := 1     
	   2 Input    8 Bit        Muxes := 6     
	   4 Input    8 Bit        Muxes := 1     
	  19 Input    8 Bit        Muxes := 1     
	   3 Input    8 Bit        Muxes := 1     
	   2 Input    5 Bit        Muxes := 2     
	   4 Input    5 Bit        Muxes := 2     
	   5 Input    5 Bit        Muxes := 1     
	   4 Input    4 Bit        Muxes := 2     
	  10 Input    4 Bit        Muxes := 1     
	   2 Input    4 Bit        Muxes := 37    
	   5 Input    4 Bit        Muxes := 1     
	  11 Input    4 Bit        Muxes := 1     
	   2 Input    3 Bit        Muxes := 15    
	  11 Input    3 Bit        Muxes := 1     
	   6 Input    3 Bit        Muxes := 1     
	   4 Input    2 Bit        Muxes := 2     
	  12 Input    2 Bit        Muxes := 1     
	   7 Input    2 Bit        Muxes := 1     
	  11 Input    2 Bit        Muxes := 1     
	   2 Input    2 Bit        Muxes := 1     
	   9 Input    2 Bit        Muxes := 1     
	   9 Input    1 Bit        Muxes := 1     
	   4 Input    1 Bit        Muxes := 11    
	   2 Input    1 Bit        Muxes := 27    
	  11 Input    1 Bit        Muxes := 1     
	   3 Input    1 Bit        Muxes := 6     
	   6 Input    1 Bit        Muxes := 3     
---------------------------------------------------------------------------------
Finished RTL Component Statistics 
---------------------------------------------------------------------------------
---------------------------------------------------------------------------------
Start Part Resource Summary
---------------------------------------------------------------------------------
Part Resources:
DSPs: 90 (col length:60)
BRAMs: 100 (col length: RAMB18 60 RAMB36 30)
---------------------------------------------------------------------------------
Finished Part Resource Summary
---------------------------------------------------------------------------------
---------------------------------------------------------------------------------
Start Cross Boundary and Area Optimization
---------------------------------------------------------------------------------
WARNING: [Synth 8-7080] Parallel synthesis criteria is not met
INFO: [Synth 8-7030] Implemented Non-Cascaded Block Ram (cascade_height = 1) of width 32 for RAM "MCU/Mem/memory_reg"
INFO: [Synth 8-7030] Implemented Non-Cascaded Block Ram (cascade_height = 1) of width 32 for RAM "MCU/Mem/memory_reg"
INFO: [Synth 8-7030] Implemented Non-Cascaded Block Ram (cascade_height = 1) of width 32 for RAM "MCU/Mem/memory_reg"
INFO: [Synth 8-7030] Implemented Non-Cascaded Block Ram (cascade_height = 1) of width 32 for RAM "MCU/Mem/memory_reg"
INFO: [Synth 8-7030] Implemented Non-Cascaded Block Ram (cascade_height = 1) of width 32 for RAM "MCU/Mem/memory_reg"
INFO: [Synth 8-7030] Implemented Non-Cascaded Block Ram (cascade_height = 1) of width 32 for RAM "MCU/Mem/memory_reg"
INFO: [Synth 8-7030] Implemented Non-Cascaded Block Ram (cascade_height = 1) of width 32 for RAM "MCU/Mem/memory_reg"
INFO: [Synth 8-7030] Implemented Non-Cascaded Block Ram (cascade_height = 1) of width 32 for RAM "MCU/Mem/memory_reg"
INFO: [Synth 8-7030] Implemented Non-Cascaded Block Ram (cascade_height = 1) of width 32 for RAM "MCU/Mem/memory_reg"
INFO: [Synth 8-7030] Implemented Non-Cascaded Block Ram (cascade_height = 1) of width 32 for RAM "MCU/Mem/memory_reg"
INFO: [Synth 8-7030] Implemented Non-Cascaded Block Ram (cascade_height = 1) of width 32 for RAM "MCU/Mem/memory_reg"
INFO: [Synth 8-7030] Implemented Non-Cascaded Block Ram (cascade_height = 1) of width 32 for RAM "MCU/Mem/memory_reg"
INFO: [Synth 8-7030] Implemented Non-Cascaded Block Ram (cascade_height = 1) of width 32 for RAM "MCU/Mem/memory_reg"
INFO: [Synth 8-7030] Implemented Non-Cascaded Block Ram (cascade_height = 1) of width 32 for RAM "MCU/Mem/memory_reg"
INFO: [Synth 8-7030] Implemented Non-Cascaded Block Ram (cascade_height = 1) of width 32 for RAM "MCU/Mem/memory_reg"
INFO: [Synth 8-7030] Implemented Non-Cascaded Block Ram (cascade_height = 1) of width 32 for RAM "MCU/Mem/memory_reg"
---------------------------------------------------------------------------------
Finished Cross Boundary and Area Optimization : Time (s): cpu = 00:00:27 ; elapsed = 00:00:28 . Memory (MB): peak = 1263.977 ; gain = 3.652
---------------------------------------------------------------------------------
---------------------------------------------------------------------------------
Start ROM, RAM, DSP, Shift Register and Retiming Reporting
---------------------------------------------------------------------------------

Block RAM: Preliminary Mapping Report (see note below)
+------------+------------+------------------------+---+---+------------------------+---+---+------------------+--------+--------+
|Module Name | RTL Object | PORT A (Depth x Width) | W | R | PORT B (Depth x Width) | W | R | Ports driving FF | RAMB18 | RAMB36 | 
+------------+------------+------------------------+---+---+------------------------+---+---+------------------+--------+--------+
|MCU/Mem     | memory_reg | 16 K x 32(READ_FIRST)  | W | R | 16 K x 32(WRITE_FIRST) |   | R | Port A and B     | 0      | 16     | 
+------------+------------+------------------------+---+---+------------------------+---+---+------------------+--------+--------+

Note: The table above is a preliminary report that shows the Block RAMs at the current stage of the synthesis flow. Some Block RAMs may be reimplemented as non Block RAM primitives later in the synthesis flow. Multiple instantiated Block RAMs are reported only once. 

Distributed RAM: Preliminary Mapping Report (see note below)
+------------+------------+-----------+----------------------+--------------+
|Module Name | RTL Object | Inference | Size (Depth x Width) | Primitives   | 
+------------+------------+-----------+----------------------+--------------+
|MCU/RegF    | ram_reg    | Implied   | 32 x 32              | RAM32M x 12  | 
+------------+------------+-----------+----------------------+--------------+

Note: The table above is a preliminary report that shows the Distributed RAMs at the current stage of the synthesis flow. Some Distributed RAMs may be reimplemented as non Distributed RAM primitives later in the synthesis flow. Multiple instantiated RAMs are reported only once.
---------------------------------------------------------------------------------
Finished ROM, RAM, DSP, Shift Register and Retiming Reporting
---------------------------------------------------------------------------------
---------------------------------------------------------------------------------
Start Applying XDC Timing Constraints
---------------------------------------------------------------------------------
---------------------------------------------------------------------------------
Finished Applying XDC Timing Constraints : Time (s): cpu = 00:00:33 ; elapsed = 00:00:34 . Memory (MB): peak = 1263.977 ; gain = 3.652
---------------------------------------------------------------------------------
---------------------------------------------------------------------------------
Start Timing Optimization
---------------------------------------------------------------------------------
---------------------------------------------------------------------------------
Finished Timing Optimization : Time (s): cpu = 00:00:34 ; elapsed = 00:00:34 . Memory (MB): peak = 1263.977 ; gain = 3.652
---------------------------------------------------------------------------------
---------------------------------------------------------------------------------
Start ROM, RAM, DSP, Shift Register and Retiming Reporting
---------------------------------------------------------------------------------

Block RAM: Final Mapping Report
+------------+------------+------------------------+---+---+------------------------+---+---+------------------+--------+--------+
|Module Name | RTL Object | PORT A (Depth x Width) | W | R | PORT B (Depth x Width) | W | R | Ports driving FF | RAMB18 | RAMB36 | 
+------------+------------+------------------------+---+---+------------------------+---+---+------------------+--------+--------+
|MCU/Mem     | memory_reg | 16 K x 32(READ_FIRST)  | W | R | 16 K x 32(WRITE_FIRST) |   | R | Port A and B     | 0      | 16     | 
+------------+------------+------------------------+---+---+------------------------+---+---+------------------+--------+--------+


Distributed RAM: Final Mapping Report
+------------+------------+-----------+----------------------+--------------+
|Module Name | RTL Object | Inference | Size (Depth x Width) | Primitives   | 
+------------+------------+-----------+----------------------+--------------+
|MCU/RegF    | ram_reg    | Implied   | 32 x 32              | RAM32M x 12  | 
+------------+------------+-----------+----------------------+--------------+

---------------------------------------------------------------------------------
Finished ROM, RAM, DSP, Shift Register and Retiming Reporting
---------------------------------------------------------------------------------
---------------------------------------------------------------------------------
Start Technology Mapping
---------------------------------------------------------------------------------
INFO: [Synth 8-7052] The timing for the instance MCU/Mem/memory_reg_bram_8 (implemented as a Block RAM) might be sub-optimal as no optional output register could be merged into the ram block. Providing additional output register may help in improving timing.
INFO: [Synth 8-7052] The timing for the instance MCU/Mem/memory_reg_bram_8 (implemented as a Block RAM) might be sub-optimal as no optional output register could be merged into the ram block. Providing additional output register may help in improving timing.
INFO: [Synth 8-7052] The timing for the instance MCU/Mem/memory_reg_bram_9 (implemented as a Block RAM) might be sub-optimal as no optional output register could be merged into the ram block. Providing additional output register may help in improving timing.
INFO: [Synth 8-7052] The timing for the instance MCU/Mem/memory_reg_bram_9 (implemented as a Block RAM) might be sub-optimal as no optional output register could be merged into the ram block. Providing additional output register may help in improving timing.
INFO: [Synth 8-7052] The timing for the instance MCU/Mem/memory_reg_bram_10 (implemented as a Block RAM) might be sub-optimal as no optional output register could be merged into the ram block. Providing additional output register may help in improving timing.
INFO: [Synth 8-7052] The timing for the instance MCU/Mem/memory_reg_bram_10 (implemented as a Block RAM) might be sub-optimal as no optional output register could be merged into the ram block. Providing additional output register may help in improving timing.
INFO: [Synth 8-7052] The timing for the instance MCU/Mem/memory_reg_bram_11 (implemented as a Block RAM) might be sub-optimal as no optional output register could be merged into the ram block. Providing additional output register may help in improving timing.
INFO: [Synth 8-7052] The timing for the instance MCU/Mem/memory_reg_bram_11 (implemented as a Block RAM) might be sub-optimal as no optional output register could be merged into the ram block. Providing additional output register may help in improving timing.
INFO: [Synth 8-7052] The timing for the instance MCU/Mem/memory_reg_bram_12 (implemented as a Block RAM) might be sub-optimal as no optional output register could be merged into the ram block. Providing additional output register may help in improving timing.
INFO: [Synth 8-7052] The timing for the instance MCU/Mem/memory_reg_bram_12 (implemented as a Block RAM) might be sub-optimal as no optional output register could be merged into the ram block. Providing additional output register may help in improving timing.
INFO: [Synth 8-7052] The timing for the instance MCU/Mem/memory_reg_bram_13 (implemented as a Block RAM) might be sub-optimal as no optional output register could be merged into the ram block. Providing additional output register may help in improving timing.
INFO: [Synth 8-7052] The timing for the instance MCU/Mem/memory_reg_bram_13 (implemented as a Block RAM) might be sub-optimal as no optional output register could be merged into the ram block. Providing additional output register may help in improving timing.
INFO: [Synth 8-7052] The timing for the instance MCU/Mem/memory_reg_bram_14 (implemented as a Block RAM) might be sub-optimal as no optional output register could be merged into the ram block. Providing additional output register may help in improving timing.
INFO: [Synth 8-7052] The timing for the instance MCU/Mem/memory_reg_bram_14 (implemented as a Block RAM) might be sub-optimal as no optional output register could be merged into the ram block. Providing additional output register may help in improving timing.
INFO: [Synth 8-7052] The timing for the instance MCU/Mem/memory_reg_bram_15 (implemented as a Block RAM) might be sub-optimal as no optional output register could be merged into the ram block. Providing additional output register may help in improving timing.
INFO: [Synth 8-7052] The timing for the instance MCU/Mem/memory_reg_bram_15 (implemented as a Block RAM) might be sub-optimal as no optional output register could be merged into the ram block. Providing additional output register may help in improving timing.
INFO: [Synth 8-7052] The timing for the instance MCU/Mem/memory_reg_bram_16 (implemented as a Block RAM) might be sub-optimal as no optional output register could be merged into the ram block. Providing additional output register may help in improving timing.
INFO: [Synth 8-7052] The timing for the instance MCU/Mem/memory_reg_bram_16 (implemented as a Block RAM) might be sub-optimal as no optional output register could be merged into the ram block. Providing additional output register may help in improving timing.
INFO: [Synth 8-7052] The timing for the instance MCU/Mem/memory_reg_bram_17 (implemented as a Block RAM) might be sub-optimal as no optional output register could be merged into the ram block. Providing additional output register may help in improving timing.
INFO: [Synth 8-7052] The timing for the instance MCU/Mem/memory_reg_bram_17 (implemented as a Block RAM) might be sub-optimal as no optional output register could be merged into the ram block. Providing additional output register may help in improving timing.
INFO: [Synth 8-7052] The timing for the instance MCU/Mem/memory_reg_bram_18 (implemented as a Block RAM) might be sub-optimal as no optional output register could be merged into the ram block. Providing additional output register may help in improving timing.
INFO: [Synth 8-7052] The timing for the instance MCU/Mem/memory_reg_bram_18 (implemented as a Block RAM) might be sub-optimal as no optional output register could be merged into the ram block. Providing additional output register may help in improving timing.
INFO: [Synth 8-7052] The timing for the instance MCU/Mem/memory_reg_bram_19 (implemented as a Block RAM) might be sub-optimal as no optional output register could be merged into the ram block. Providing additional output register may help in improving timing.
INFO: [Synth 8-7052] The timing for the instance MCU/Mem/memory_reg_bram_19 (implemented as a Block RAM) might be sub-optimal as no optional output register could be merged into the ram block. Providing additional output register may help in improving timing.
INFO: [Synth 8-7052] The timing for the instance MCU/Mem/memory_reg_bram_20 (implemented as a Block RAM) might be sub-optimal as no optional output register could be merged into the ram block. Providing additional output register may help in improving timing.
INFO: [Synth 8-7052] The timing for the instance MCU/Mem/memory_reg_bram_20 (implemented as a Block RAM) might be sub-optimal as no optional output register could be merged into the ram block. Providing additional output register may help in improving timing.
INFO: [Synth 8-7052] The timing for the instance MCU/Mem/memory_reg_bram_21 (implemented as a Block RAM) might be sub-optimal as no optional output register could be merged into the ram block. Providing additional output register may help in improving timing.
INFO: [Synth 8-7052] The timing for the instance MCU/Mem/memory_reg_bram_21 (implemented as a Block RAM) might be sub-optimal as no optional output register could be merged into the ram block. Providing additional output register may help in improving timing.
INFO: [Synth 8-7052] The timing for the instance MCU/Mem/memory_reg_bram_22 (implemented as a Block RAM) might be sub-optimal as no optional output register could be merged into the ram block. Providing additional output register may help in improving timing.
INFO: [Synth 8-7052] The timing for the instance MCU/Mem/memory_reg_bram_22 (implemented as a Block RAM) might be sub-optimal as no optional output register could be merged into the ram block. Providing additional output register may help in improving timing.
INFO: [Synth 8-7052] The timing for the instance MCU/Mem/memory_reg_bram_23 (implemented as a Block RAM) might be sub-optimal as no optional output register could be merged into the ram block. Providing additional output register may help in improving timing.
INFO: [Synth 8-7052] The timing for the instance MCU/Mem/memory_reg_bram_23 (implemented as a Block RAM) might be sub-optimal as no optional output register could be merged into the ram block. Providing additional output register may help in improving timing.
---------------------------------------------------------------------------------
Finished Technology Mapping : Time (s): cpu = 00:00:35 ; elapsed = 00:00:36 . Memory (MB): peak = 1309.910 ; gain = 49.586
---------------------------------------------------------------------------------
---------------------------------------------------------------------------------
Start IO Insertion
---------------------------------------------------------------------------------
---------------------------------------------------------------------------------
Start Flattening Before IO Insertion
---------------------------------------------------------------------------------
---------------------------------------------------------------------------------
Finished Flattening Before IO Insertion
---------------------------------------------------------------------------------
---------------------------------------------------------------------------------
Start Final Netlist Cleanup
---------------------------------------------------------------------------------
---------------------------------------------------------------------------------
Finished Final Netlist Cleanup
---------------------------------------------------------------------------------
---------------------------------------------------------------------------------
Finished IO Insertion : Time (s): cpu = 00:00:40 ; elapsed = 00:00:41 . Memory (MB): peak = 1323.703 ; gain = 63.379
---------------------------------------------------------------------------------
---------------------------------------------------------------------------------
Start Renaming Generated Instances
---------------------------------------------------------------------------------
---------------------------------------------------------------------------------
Finished Renaming Generated Instances : Time (s): cpu = 00:00:40 ; elapsed = 00:00:41 . Memory (MB): peak = 1323.703 ; gain = 63.379
---------------------------------------------------------------------------------
---------------------------------------------------------------------------------
Start Rebuilding User Hierarchy
---------------------------------------------------------------------------------
---------------------------------------------------------------------------------
Finished Rebuilding User Hierarchy : Time (s): cpu = 00:00:40 ; elapsed = 00:00:41 . Memory (MB): peak = 1323.703 ; gain = 63.379
---------------------------------------------------------------------------------
---------------------------------------------------------------------------------
Start Renaming Generated Ports
---------------------------------------------------------------------------------
---------------------------------------------------------------------------------
Finished Renaming Generated Ports : Time (s): cpu = 00:00:40 ; elapsed = 00:00:41 . Memory (MB): peak = 1323.703 ; gain = 63.379
---------------------------------------------------------------------------------
---------------------------------------------------------------------------------
Start Handling Custom Attributes
---------------------------------------------------------------------------------
---------------------------------------------------------------------------------
Finished Handling Custom Attributes : Time (s): cpu = 00:00:40 ; elapsed = 00:00:41 . Memory (MB): peak = 1323.730 ; gain = 63.406
---------------------------------------------------------------------------------
---------------------------------------------------------------------------------
Start Renaming Generated Nets
---------------------------------------------------------------------------------
---------------------------------------------------------------------------------
Finished Renaming Generated Nets : Time (s): cpu = 00:00:40 ; elapsed = 00:00:41 . Memory (MB): peak = 1323.730 ; gain = 63.406
---------------------------------------------------------------------------------
---------------------------------------------------------------------------------
Start Writing Synthesis Report
---------------------------------------------------------------------------------

Report BlackBoxes: 
+-+--------------+----------+
| |BlackBox name |Instances |
+-+--------------+----------+
+-+--------------+----------+

Report Cell Usage: 
+------+---------+------+
|      |Cell     |Count |
+------+---------+------+
|1     |BUFG     |     2|
|2     |CARRY4   |    93|
|3     |LUT1     |    18|
|4     |LUT2     |   284|
|5     |LUT3     |   162|
|6     |LUT4     |   190|
|7     |LUT5     |   252|
|8     |LUT6     |  1063|
|9     |MUXF7    |   166|
|10    |MUXF8    |    63|
|11    |RAM32M   |    10|
|12    |RAM32X1D |     4|
|13    |RAMB36E1 |    16|
|15    |FDCE     |    10|
|16    |FDPE     |    18|
|17    |FDRE     |   304|
|18    |FDSE     |     4|
|19    |IBUF     |    20|
|20    |OBUF     |    31|
+------+---------+------+
---------------------------------------------------------------------------------
Finished Writing Synthesis Report : Time (s): cpu = 00:00:40 ; elapsed = 00:00:41 . Memory (MB): peak = 1323.730 ; gain = 63.406
---------------------------------------------------------------------------------
Synthesis finished with 0 errors, 0 critical warnings and 1 warnings.
Synthesis Optimization Runtime : Time (s): cpu = 00:00:31 ; elapsed = 00:00:39 . Memory (MB): peak = 1323.730 ; gain = 59.754
Synthesis Optimization Complete : Time (s): cpu = 00:00:41 ; elapsed = 00:00:41 . Memory (MB): peak = 1323.730 ; gain = 63.406
INFO: [Project 1-571] Translating synthesized netlist
Netlist sorting complete. Time (s): cpu = 00:00:00 ; elapsed = 00:00:00.046 . Memory (MB): peak = 1332.328 ; gain = 0.000
INFO: [Netlist 29-17] Analyzing 352 Unisim elements for replacement
INFO: [Netlist 29-28] Unisim Transformation completed in 0 CPU seconds
INFO: [Project 1-570] Preparing netlist for logic optimization
INFO: [Opt 31-138] Pushed 0 inverter(s) to 0 load pin(s).
Netlist sorting complete. Time (s): cpu = 00:00:00 ; elapsed = 00:00:00 . Memory (MB): peak = 1336.969 ; gain = 0.000
INFO: [Project 1-111] Unisim Transformation Summary:
  A total of 14 instances were transformed.
  RAM32M => RAM32M (RAMD32(x6), RAMS32(x2)): 10 instances
  RAM32X1D => RAM32X1D (RAMD32(x2)): 4 instances

Synth Design complete, checksum: bdeb1616
INFO: [Common 17-83] Releasing license: Synthesis
143 Infos, 4 Warnings, 0 Critical Warnings and 0 Errors encountered.
synth_design completed successfully
synth_design: Time (s): cpu = 00:00:45 ; elapsed = 00:00:46 . Memory (MB): peak = 1336.969 ; gain = 76.645
INFO: [Common 17-1381] The checkpoint 'C:/Users/justf/Documents/OTTER_INT/OTTER_INT.runs/synth_1/OTTER_Wrapper.dcp' has been generated.
INFO: [runtcl-4] Executing : report_utilization -file OTTER_Wrapper_utilization_synth.rpt -pb OTTER_Wrapper_utilization_synth.pb
INFO: [Common 17-206] Exiting Vivado at Mon Feb 28 22:58:22 2022...
